<?xml version="1.0" encoding="UTF-8"?>
<testsuite name="com.leszko.calculator.CalculatorTest" tests="1" skipped="0" failures="0" errors="0" timestamp="2020-09-27T02:28:56" hostname="osiris-VirtualBox" time="0.116">
  <properties/>
  <testcase name="testSum()" classname="com.leszko.calculator.CalculatorTest" time="0.116"/>
  <system-out><![CDATA[]]></system-out>
  <system-err><![CDATA[]]></system-err>
</testsuite>
